{"numTotalTestSuites":13,"numPassedTestSuites":13,"numFailedTestSuites":0,"numPendingTestSuites":0,"numTotalTests":20,"numPassedTests":20,"numFailedTests":0,"numPendingTests":0,"numTodoTests":0,"snapshot":{"added":0,"failure":false,"filesAdded":0,"filesRemoved":0,"filesRemovedList":[],"filesUnmatched":0,"filesUpdated":0,"matched":0,"total":0,"unchecked":0,"uncheckedKeysByFile":[],"unmatched":0,"updated":0,"didUpdate":false},"startTime":1789389170092,"success":true,"testResults":[{"assertionResults":[{"ancestorTitles":["session, CSRF, and official task object authorization"],"fullName":"session, CSRF, and official task object authorization does not expose Alice's task to Bob","status":"passed","title":"does not expose Alice's task to Bob","duration":25.246286000000055,"failureMessages":[],"meta":{},"tags":[],"benchmarks":[]},{"ancestorTitles":["session, CSRF, and official task object authorization"],"fullName":"session, CSRF, and official task object authorization rejects state-changing requests without matching Origin and CSRF","status":"passed","title":"rejects state-changing requests without matching Origin and CSRF","duration":4.843513000000257,"failureMessages":[],"meta":{},"tags":[],"benchmarks":[]},{"ancestorTitles":["session, CSRF, and official task object authorization"],"fullName":"session, CSRF, and official task object authorization serves only the fixed official directory path and its canonical hash","status":"passed","title":"serves only the fixed official directory path and its canonical hash","duration":3.079685999999583,"failureMessages":[],"meta":{},"tags":[],"benchmarks":[]},{"ancestorTitles":["session, CSRF, and official task object authorization"],"fullName":"session, CSRF, and official task object authorization analyzes only consented recipient transcripts and keeps authentication independent","status":"passed","title":"analyzes only consented recipient transcripts and keeps authentication independent","duration":8.292195999999876,"failureMessages":[],"meta":{},"tags":[],"benchmarks":[]}],"startTime":1789389172190,"endTime":1789389172232.2922,"status":"passed","message":"","name":"/home/ana/Desktop/yyw/institution-proof/tests/integration/api-auth.test.ts"},{"assertionResults":[{"ancestorTitles":["PostgreSQL atomic authorization consumption"],"fullName":"PostgreSQL atomic authorization consumption allows one of 20 competing bindings and makes same-binding retry idempotent","status":"passed","title":"allows one of 20 competing bindings and makes same-binding retry idempotent","duration":108.29820499999983,"failureMessages":[],"meta":{},"tags":[],"benchmarks":[]}],"startTime":1789389171170,"endTime":1789389171278.298,"status":"passed","message":"","name":"/home/ana/Desktop/yyw/institution-proof/tests/integration/consumption.test.ts"},{"assertionResults":[{"ancestorTitles":["governance API executes a distinct 2-of-3 recovery on the ledger seam"],"fullName":"governance API executes a distinct 2-of-3 recovery on the ledger seam requires suspension and two different approver sessions before executing recovery","status":"passed","title":"requires suspension and two different approver sessions before executing recovery","duration":84.24668599999995,"failureMessages":[],"meta":{},"tags":[],"benchmarks":[]}],"startTime":1789389171941,"endTime":1789389172025.2466,"status":"passed","message":"","name":"/home/ana/Desktop/yyw/institution-proof/tests/integration/governance.test.ts"},{"assertionResults":[{"ancestorTitles":["read-only transcript risk analysis"],"fullName":"read-only transcript risk analysis finds exact evidence spans without producing a probability","status":"passed","title":"finds exact evidence spans without producing a probability","duration":2.0945809999999483,"failureMessages":[],"meta":{},"tags":[],"benchmarks":[]},{"ancestorTitles":["read-only transcript risk analysis"],"fullName":"read-only transcript risk analysis treats prompt injection as transcript text, not an instruction","status":"passed","title":"treats prompt injection as transcript text, not an instruction","duration":0.5222899999999981,"failureMessages":[],"meta":{},"tags":[],"benchmarks":[]},{"ancestorTitles":["read-only transcript risk analysis"],"fullName":"read-only transcript risk analysis falls back when an Ollama response cites text absent from the transcript","status":"passed","title":"falls back when an Ollama response cites text absent from the transcript","duration":33.66764999999998,"failureMessages":[],"meta":{},"tags":[],"benchmarks":[]},{"ancestorTitles":["read-only transcript risk analysis"],"fullName":"read-only transcript risk analysis rejects a non-local Ollama endpoint without making a request","status":"passed","title":"rejects a non-local Ollama endpoint without making a request","duration":0.3646079999999756,"failureMessages":[],"meta":{},"tags":[],"benchmarks":[]}],"startTime":1789389171100,"endTime":1789389171136.3645,"status":"passed","message":"","name":"/home/ana/Desktop/yyw/institution-proof/tests/integration/risk.test.ts"},{"assertionResults":[{"ancestorTitles":["signed protocol objects"],"fullName":"signed protocol objects round-trips an Ed25519 JCS payload and rejects one-field tampering","status":"passed","title":"round-trips an Ed25519 JCS payload and rejects one-field tampering","duration":252.282513,"failureMessages":[],"meta":{},"tags":[],"benchmarks":[]},{"ancestorTitles":["signed protocol objects"],"fullName":"signed protocol objects rejects none/role confusion in protected headers","status":"passed","title":"rejects none/role confusion in protected headers","duration":2.038613000000055,"failureMessages":[],"meta":{},"tags":[],"benchmarks":[]},{"ancestorTitles":["signed protocol objects"],"fullName":"signed protocol objects rejects duplicate keys before object parsing and oversized JSON","status":"passed","title":"rejects duplicate keys before object parsing and oversized JSON","duration":0.38129000000003543,"failureMessages":[],"meta":{},"tags":[],"benchmarks":[]},{"ancestorTitles":["signed protocol objects"],"fullName":"signed protocol objects applies time boundaries exactly","status":"passed","title":"applies time boundaries exactly","duration":0.4568739999999707,"failureMessages":[],"meta":{},"tags":[],"benchmarks":[]},{"ancestorTitles":["WebRTC canonical transport fields"],"fullName":"WebRTC canonical transport fields normalizes a SHA-256 fingerprint","status":"passed","title":"normalizes a SHA-256 fingerprint","duration":0.34239500000001044,"failureMessages":[],"meta":{},"tags":[],"benchmarks":[]},{"ancestorTitles":["WebRTC canonical transport fields"],"fullName":"WebRTC canonical transport fields requires one consistent SDP fingerprint","status":"passed","title":"requires one consistent SDP fingerprint","duration":0.5438010000000304,"failureMessages":[],"meta":{},"tags":[],"benchmarks":[]}],"startTime":1789389170568,"endTime":1789389170824.5437,"status":"passed","message":"","name":"/home/ana/Desktop/yyw/institution-proof/packages/protocol/src/index.test.ts"},{"assertionResults":[{"ancestorTitles":["3-of-4 witness state verification"],"fullName":"3-of-4 witness state verification accepts three matching trusted witnesses and records a monotonic deadline","status":"passed","title":"accepts three matching trusted witnesses and records a monotonic deadline","duration":286.5100540000001,"failureMessages":[],"meta":{},"tags":[],"benchmarks":[]},{"ancestorTitles":["3-of-4 witness state verification"],"fullName":"3-of-4 witness state verification rejects one signature, duplicate witnesses, mixed payloads, and outsiders","status":"passed","title":"rejects one signature, duplicate witnesses, mixed payloads, and outsiders","duration":10.887493999999833,"failureMessages":[],"meta":{},"tags":[],"benchmarks":[]},{"ancestorTitles":["3-of-4 witness state verification"],"fullName":"3-of-4 witness state verification rejects stale, future, and query-key mismatched snapshots","status":"passed","title":"rejects stale, future, and query-key mismatched snapshots","duration":6.355838999999833,"failureMessages":[],"meta":{},"tags":[],"benchmarks":[]},{"ancestorTitles":["3-of-4 witness state verification"],"fullName":"3-of-4 witness state verification never extends the same block deadline or rolls back after a known revoke","status":"passed","title":"never extends the same block deadline or rolls back after a known revoke","duration":8.285562999999911,"failureMessages":[],"meta":{},"tags":[],"benchmarks":[]}],"startTime":1789389170903,"endTime":1789389171215.2856,"status":"passed","message":"","name":"/home/ana/Desktop/yyw/institution-proof/packages/verifier/src/index.test.ts"}]}